Microsoft (R) Help Compiler
HCRTF 4.03.0002
Copyright (c) Microsoft Corp 1990 - 1995. All rights reserved.
simrun3.hpj
    HC1013: Note: simrun3.hpj : 
	The "[CONFIG-" section is missing a right bracket.
    HC1013: Note: simrun3.hpj : 
	The "[CONFIG-" section is missing a right bracket.
    HC1013: Note: simrun3.hpj : 
	The "[CONFIG-" section is missing a right bracket.
    HC1013: Note: simrun3.hpj : 
	The "[CONFIG-" section is missing a right bracket.
    HC1013: Note: simrun3.hpj : 
	The "[CONFIG-" section is missing a right bracket.
35	Topics
40	Jumps
101	Keywords
41	Bitmaps


Created c:\projects\simrunner\simrun3\help\3_0\simrun3.hlp, 331,419 bytes
Bitmaps: 288,846 bytes
Hall+Zeck compression decreased help file by 17,540 bytes.
Compile time: 0 minutes, 38 seconds
5 notes, 0 warnings
